2015-10-01 16:32:20 - PHP Notice:  Undefined variable: text_telephone in D:\wamp\www\Projects\September.2015\01.10.2015\Glenn.57681\theme631\catalog\view\theme\theme631\template\common\header.tpl on line 159
2015-10-01 16:32:21 - PHP Notice:  Undefined variable: text_telephone in D:\wamp\www\Projects\September.2015\01.10.2015\Glenn.57681\theme631\catalog\view\theme\theme631\template\common\header.tpl on line 159
2015-10-01 17:45:05 - PHP Notice:  Error: Could not load model D:/wamp/www/Projects/September.2015/01.10.2015/Glenn.57681/theme631/catalog/model/extention/module.php! in D:\wamp\www\Projects\September.2015\01.10.2015\Glenn.57681\theme631\system\modification\system\engine\loader.php on line 24
2015-10-02 9:27:56 - PHP Notice:  Undefined variable: header_top in D:\wamp\www\Projects\September.2015\01.10.2015\Glenn.57681\theme631\catalog\view\theme\theme631\template\common\header.tpl on line 166
2015-10-02 9:27:59 - PHP Notice:  Undefined variable: header_top in D:\wamp\www\Projects\September.2015\01.10.2015\Glenn.57681\theme631\catalog\view\theme\theme631\template\common\header.tpl on line 166
2015-10-02 9:28:16 - PHP Notice:  Undefined variable: header_top in D:\wamp\www\Projects\September.2015\01.10.2015\Glenn.57681\theme631\catalog\view\theme\theme631\template\common\header.tpl on line 166
2015-10-02 9:28:17 - PHP Notice:  Undefined variable: header_top in D:\wamp\www\Projects\September.2015\01.10.2015\Glenn.57681\theme631\catalog\view\theme\theme631\template\common\header.tpl on line 166
2015-10-02 9:32:50 - PHP Notice:  Undefined variable: header_top in D:\wamp\www\Projects\September.2015\01.10.2015\Glenn.57681\theme631\catalog\view\theme\theme631\template\common\header.tpl on line 166
2015-10-02 9:32:53 - PHP Notice:  Undefined variable: header_top in D:\wamp\www\Projects\September.2015\01.10.2015\Glenn.57681\theme631\catalog\view\theme\theme631\template\common\header.tpl on line 166
2015-10-02 9:33:10 - PHP Notice:  Undefined variable: header_top in D:\wamp\www\Projects\September.2015\01.10.2015\Glenn.57681\theme631\catalog\view\theme\theme631\template\common\header.tpl on line 166
2015-10-02 9:33:29 - PHP Notice:  Undefined variable: header_top in D:\wamp\www\Projects\September.2015\01.10.2015\Glenn.57681\theme631\catalog\view\theme\theme631\template\common\header.tpl on line 166
2015-10-02 9:33:44 - PHP Notice:  Undefined variable: header_top in D:\wamp\www\Projects\September.2015\01.10.2015\Glenn.57681\theme631\catalog\view\theme\theme631\template\common\header.tpl on line 166
2015-10-02 9:34:51 - PHP Notice:  Undefined variable: header_top in D:\wamp\www\Projects\September.2015\01.10.2015\Glenn.57681\theme631\catalog\view\theme\theme631\template\common\header.tpl on line 166
2015-10-02 9:35:23 - PHP Notice:  Undefined variable: header_top in D:\wamp\www\Projects\September.2015\01.10.2015\Glenn.57681\theme631\catalog\view\theme\theme631\template\common\header.tpl on line 166
2015-10-02 9:35:28 - PHP Notice:  Undefined variable: header_top in D:\wamp\www\Projects\September.2015\01.10.2015\Glenn.57681\theme631\catalog\view\theme\theme631\template\common\header.tpl on line 166
2015-10-02 9:37:34 - PHP Notice:  Undefined variable: header_top in D:\wamp\www\Projects\September.2015\01.10.2015\Glenn.57681\theme631\catalog\view\theme\theme631\template\common\header.tpl on line 166
2015-10-02 9:38:13 - PHP Notice:  Undefined variable: header_top in D:\wamp\www\Projects\September.2015\01.10.2015\Glenn.57681\theme631\catalog\view\theme\theme631\template\common\header.tpl on line 166
2015-10-02 9:38:48 - PHP Notice:  Undefined variable: header_top in D:\wamp\www\Projects\September.2015\01.10.2015\Glenn.57681\theme631\catalog\view\theme\theme631\template\common\header.tpl on line 166
2015-10-02 15:10:12 - PHP Notice:  Undefined variable: route in D:\wamp\www\Projects\September.2015\01.10.2015\Glenn.57681\theme631\catalog\view\theme\theme631\template\common\header.tpl on line 168
2015-10-02 15:10:13 - PHP Notice:  Undefined variable: route in D:\wamp\www\Projects\September.2015\01.10.2015\Glenn.57681\theme631\catalog\view\theme\theme631\template\common\header.tpl on line 168
2015-10-02 15:10:17 - PHP Notice:  Undefined variable: route in D:\wamp\www\Projects\September.2015\01.10.2015\Glenn.57681\theme631\catalog\view\theme\theme631\template\common\header.tpl on line 168
2015-10-02 15:10:18 - PHP Notice:  Undefined variable: route in D:\wamp\www\Projects\September.2015\01.10.2015\Glenn.57681\theme631\catalog\view\theme\theme631\template\common\header.tpl on line 168
2015-10-02 15:10:46 - PHP Notice:  Undefined variable: route in D:\wamp\www\Projects\September.2015\01.10.2015\Glenn.57681\theme631\catalog\view\theme\theme631\template\common\header.tpl on line 168
2015-10-02 15:10:47 - PHP Notice:  Undefined variable: route in D:\wamp\www\Projects\September.2015\01.10.2015\Glenn.57681\theme631\catalog\view\theme\theme631\template\common\header.tpl on line 168
2015-10-02 15:10:49 - PHP Notice:  Undefined variable: route in D:\wamp\www\Projects\September.2015\01.10.2015\Glenn.57681\theme631\catalog\view\theme\theme631\template\common\header.tpl on line 168
2015-10-02 15:10:50 - PHP Notice:  Undefined variable: route in D:\wamp\www\Projects\September.2015\01.10.2015\Glenn.57681\theme631\catalog\view\theme\theme631\template\common\header.tpl on line 168
2015-10-02 15:10:51 - PHP Notice:  Undefined variable: route in D:\wamp\www\Projects\September.2015\01.10.2015\Glenn.57681\theme631\catalog\view\theme\theme631\template\common\header.tpl on line 168
2015-10-02 15:10:52 - PHP Notice:  Undefined variable: route in D:\wamp\www\Projects\September.2015\01.10.2015\Glenn.57681\theme631\catalog\view\theme\theme631\template\common\header.tpl on line 168
2015-10-02 15:10:55 - PHP Notice:  Undefined variable: route in D:\wamp\www\Projects\September.2015\01.10.2015\Glenn.57681\theme631\catalog\view\theme\theme631\template\common\header.tpl on line 168
2015-10-02 15:10:55 - PHP Notice:  Undefined variable: route in D:\wamp\www\Projects\September.2015\01.10.2015\Glenn.57681\theme631\catalog\view\theme\theme631\template\common\header.tpl on line 168
2015-10-02 15:14:01 - PHP Notice:  Undefined variable: route in D:\wamp\www\Projects\September.2015\01.10.2015\Glenn.57681\theme631\catalog\view\theme\theme631\template\common\header.tpl on line 169
2015-10-02 15:14:03 - PHP Notice:  Undefined variable: route in D:\wamp\www\Projects\September.2015\01.10.2015\Glenn.57681\theme631\catalog\view\theme\theme631\template\common\header.tpl on line 169
2015-10-05 10:12:15 - PHP Notice:  Undefined variable: location in D:\wamp\www\Projects\September.2015\01.10.2015\Glenn.57681\theme631\catalog\view\theme\theme631\template\common\footer.tpl on line 91
2015-10-05 10:12:16 - PHP Notice:  Undefined variable: location in D:\wamp\www\Projects\September.2015\01.10.2015\Glenn.57681\theme631\catalog\view\theme\theme631\template\common\footer.tpl on line 91
2015-10-05 10:12:42 - PHP Notice:  Undefined variable: location in D:\wamp\www\Projects\September.2015\01.10.2015\Glenn.57681\theme631\catalog\view\theme\theme631\template\common\footer.tpl on line 92
2015-10-05 10:12:42 - PHP Notice:  Undefined variable: button_map in D:\wamp\www\Projects\September.2015\01.10.2015\Glenn.57681\theme631\catalog\view\theme\theme631\template\common\footer.tpl on line 94
2015-10-05 10:12:44 - PHP Notice:  Undefined variable: location in D:\wamp\www\Projects\September.2015\01.10.2015\Glenn.57681\theme631\catalog\view\theme\theme631\template\common\footer.tpl on line 92
2015-10-05 10:12:44 - PHP Notice:  Undefined variable: button_map in D:\wamp\www\Projects\September.2015\01.10.2015\Glenn.57681\theme631\catalog\view\theme\theme631\template\common\footer.tpl on line 94
2015-10-05 10:13:22 - PHP Notice:  Undefined variable: location in D:\wamp\www\Projects\September.2015\01.10.2015\Glenn.57681\theme631\catalog\view\theme\theme631\template\common\footer.tpl on line 90
2015-10-05 10:13:24 - PHP Notice:  Undefined variable: location in D:\wamp\www\Projects\September.2015\01.10.2015\Glenn.57681\theme631\catalog\view\theme\theme631\template\common\footer.tpl on line 90
2015-10-05 14:19:48 - PHP Notice:  Undefined variable: footer_bottom in D:\wamp\www\Projects\September.2015\01.10.2015\Glenn.57681\theme631\catalog\view\theme\theme631\template\common\home.tpl on line 20
2015-10-05 14:19:52 - PHP Notice:  Undefined variable: footer_bottom in D:\wamp\www\Projects\September.2015\01.10.2015\Glenn.57681\theme631\catalog\view\theme\theme631\template\common\home.tpl on line 20
2015-10-05 14:20:11 - PHP Notice:  Undefined variable: footer_bottom in D:\wamp\www\Projects\September.2015\01.10.2015\Glenn.57681\theme631\catalog\view\theme\theme631\template\common\home.tpl on line 20
2015-10-05 14:20:12 - PHP Notice:  Undefined variable: footer_bottom in D:\wamp\www\Projects\September.2015\01.10.2015\Glenn.57681\theme631\catalog\view\theme\theme631\template\common\home.tpl on line 20
2015-10-05 14:26:14 - PHP Notice:  Undefined variable: maintenance in D:\wamp\www\Projects\September.2015\01.10.2015\Glenn.57681\theme631\catalog\view\theme\theme631\template\common\home.tpl on line 20
2015-10-05 14:26:15 - PHP Notice:  Undefined variable: maintenance in D:\wamp\www\Projects\September.2015\01.10.2015\Glenn.57681\theme631\catalog\view\theme\theme631\template\common\home.tpl on line 20
2015-10-07 17:12:51 - PHP Notice:  Undefined variable: footer_bottom in D:\wamp\www\Projects\September.2015\01.10.2015\Glenn.57681\theme631\catalog\view\theme\theme631\template\common\footer.tpl on line 86
2015-10-07 17:12:51 - PHP Notice:  Undefined variable: footer_bottom in D:\wamp\www\Projects\September.2015\01.10.2015\Glenn.57681\theme631\catalog\view\theme\theme631\template\common\footer.tpl on line 86
2015-10-09 13:28:15 - PHP Warning:  mail(): Failed to connect to mailserver at &quot;localhost&quot; port 25, verify your &quot;SMTP&quot; and &quot;smtp_port&quot; setting in php.ini or use ini_set() in D:\wamp\www\Projects\September.2015\01.10.2015\Glenn.57681\theme631\system\library\mail.php on line 164
2015-10-09 13:57:07 - PHP Warning:  mail(): Failed to connect to mailserver at &quot;localhost&quot; port 25, verify your &quot;SMTP&quot; and &quot;smtp_port&quot; setting in php.ini or use ini_set() in D:\wamp\www\Projects\September.2015\01.10.2015\Glenn.57681\theme631\system\library\mail.php on line 164
2016-05-31 0:09:17 - PHP Warning:  Invalid argument supplied for foreach() in /Users/fernandomendes/github/casaflores/public/admin/controller/extension/installer.php on line 333
2016-05-31 0:09:17 - PHP Warning:  Invalid argument supplied for foreach() in /Users/fernandomendes/github/casaflores/public/admin/controller/extension/installer.php on line 333
2016-05-31 0:17:23 - PHP Notice:  Undefined variable: html in /Users/fernandomendes/github/casaflores/public/catalog/view/theme/theme631/template/module/tm_newsletter_popup.tpl on line 18
2016-05-31 0:17:23 - PHP Notice:  Undefined offset: 1 in /Users/fernandomendes/github/casaflores/public/catalog/view/theme/theme631/template/module/tm_google_map.tpl on line 5
2016-05-31 0:17:23 - PHP Notice:  Undefined offset: 1 in /Users/fernandomendes/github/casaflores/public/catalog/view/theme/theme631/template/module/tm_google_map.tpl on line 14
2016-05-31 0:17:24 - PHP Notice:  Undefined variable: html in /Users/fernandomendes/github/casaflores/public/catalog/view/theme/theme631/template/module/tm_newsletter_popup.tpl on line 18
2016-05-31 0:17:24 - PHP Notice:  Undefined offset: 1 in /Users/fernandomendes/github/casaflores/public/catalog/view/theme/theme631/template/module/tm_google_map.tpl on line 5
2016-05-31 0:17:24 - PHP Notice:  Undefined offset: 1 in /Users/fernandomendes/github/casaflores/public/catalog/view/theme/theme631/template/module/tm_google_map.tpl on line 14
2016-05-31 0:17:24 - PHP Notice:  Undefined variable: html in /Users/fernandomendes/github/casaflores/public/catalog/view/theme/theme631/template/module/tm_newsletter_popup.tpl on line 18
2016-05-31 0:17:24 - PHP Notice:  Undefined offset: 1 in /Users/fernandomendes/github/casaflores/public/catalog/view/theme/theme631/template/module/tm_google_map.tpl on line 5
2016-05-31 0:17:24 - PHP Notice:  Undefined offset: 1 in /Users/fernandomendes/github/casaflores/public/catalog/view/theme/theme631/template/module/tm_google_map.tpl on line 14
2016-05-31 0:17:24 - PHP Notice:  Undefined variable: html in /Users/fernandomendes/github/casaflores/public/catalog/view/theme/theme631/template/module/tm_newsletter_popup.tpl on line 18
2016-05-31 0:17:24 - PHP Notice:  Undefined offset: 1 in /Users/fernandomendes/github/casaflores/public/catalog/view/theme/theme631/template/module/tm_google_map.tpl on line 5
2016-05-31 0:17:24 - PHP Notice:  Undefined offset: 1 in /Users/fernandomendes/github/casaflores/public/catalog/view/theme/theme631/template/module/tm_google_map.tpl on line 14
2016-05-31 0:17:25 - PHP Notice:  Undefined variable: html in /Users/fernandomendes/github/casaflores/public/catalog/view/theme/theme631/template/module/tm_newsletter_popup.tpl on line 18
2016-05-31 0:17:25 - PHP Notice:  Undefined offset: 1 in /Users/fernandomendes/github/casaflores/public/catalog/view/theme/theme631/template/module/tm_google_map.tpl on line 5
2016-05-31 0:17:25 - PHP Notice:  Undefined offset: 1 in /Users/fernandomendes/github/casaflores/public/catalog/view/theme/theme631/template/module/tm_google_map.tpl on line 14
2016-05-31 0:17:26 - PHP Notice:  Undefined variable: html in /Users/fernandomendes/github/casaflores/public/catalog/view/theme/theme631/template/module/tm_newsletter_popup.tpl on line 18
2016-05-31 0:17:26 - PHP Notice:  Undefined offset: 1 in /Users/fernandomendes/github/casaflores/public/catalog/view/theme/theme631/template/module/tm_google_map.tpl on line 5
2016-05-31 0:17:26 - PHP Notice:  Undefined offset: 1 in /Users/fernandomendes/github/casaflores/public/catalog/view/theme/theme631/template/module/tm_google_map.tpl on line 14
2016-05-31 0:18:08 - PHP Notice:  Undefined variable: html in /Users/fernandomendes/github/casaflores/public/catalog/view/theme/theme631/template/module/tm_newsletter_popup.tpl on line 18
2016-05-31 0:18:08 - PHP Notice:  Undefined offset: 1 in /Users/fernandomendes/github/casaflores/public/catalog/view/theme/theme631/template/module/tm_google_map.tpl on line 5
2016-05-31 0:18:08 - PHP Notice:  Undefined offset: 1 in /Users/fernandomendes/github/casaflores/public/catalog/view/theme/theme631/template/module/tm_google_map.tpl on line 14
2016-05-31 0:18:08 - PHP Notice:  Undefined variable: html in /Users/fernandomendes/github/casaflores/public/catalog/view/theme/theme631/template/module/tm_newsletter_popup.tpl on line 18
2016-05-31 0:18:08 - PHP Notice:  Undefined offset: 1 in /Users/fernandomendes/github/casaflores/public/catalog/view/theme/theme631/template/module/tm_google_map.tpl on line 5
2016-05-31 0:18:08 - PHP Notice:  Undefined offset: 1 in /Users/fernandomendes/github/casaflores/public/catalog/view/theme/theme631/template/module/tm_google_map.tpl on line 14
2016-05-31 0:18:09 - PHP Notice:  Undefined variable: html in /Users/fernandomendes/github/casaflores/public/catalog/view/theme/theme631/template/module/tm_newsletter_popup.tpl on line 18
2016-05-31 0:18:09 - PHP Notice:  Undefined offset: 1 in /Users/fernandomendes/github/casaflores/public/catalog/view/theme/theme631/template/module/tm_google_map.tpl on line 5
2016-05-31 0:18:09 - PHP Notice:  Undefined offset: 1 in /Users/fernandomendes/github/casaflores/public/catalog/view/theme/theme631/template/module/tm_google_map.tpl on line 14
2016-05-31 0:18:10 - PHP Notice:  Undefined variable: html in /Users/fernandomendes/github/casaflores/public/catalog/view/theme/theme631/template/module/tm_newsletter_popup.tpl on line 18
2016-05-31 0:18:10 - PHP Notice:  Undefined offset: 1 in /Users/fernandomendes/github/casaflores/public/catalog/view/theme/theme631/template/module/tm_google_map.tpl on line 5
2016-05-31 0:18:10 - PHP Notice:  Undefined offset: 1 in /Users/fernandomendes/github/casaflores/public/catalog/view/theme/theme631/template/module/tm_google_map.tpl on line 14
2016-05-31 0:19:44 - PHP Notice:  Undefined variable: html in /Users/fernandomendes/github/casaflores/public/catalog/view/theme/theme631/template/module/tm_newsletter_popup.tpl on line 18
2016-05-31 0:19:44 - PHP Notice:  Undefined offset: 1 in /Users/fernandomendes/github/casaflores/public/catalog/view/theme/theme631/template/module/tm_google_map.tpl on line 5
2016-05-31 0:19:44 - PHP Notice:  Undefined offset: 1 in /Users/fernandomendes/github/casaflores/public/catalog/view/theme/theme631/template/module/tm_google_map.tpl on line 14
2016-05-31 0:19:45 - PHP Notice:  Undefined variable: html in /Users/fernandomendes/github/casaflores/public/catalog/view/theme/theme631/template/module/tm_newsletter_popup.tpl on line 18
2016-05-31 0:19:45 - PHP Notice:  Undefined offset: 1 in /Users/fernandomendes/github/casaflores/public/catalog/view/theme/theme631/template/module/tm_google_map.tpl on line 5
2016-05-31 0:19:45 - PHP Notice:  Undefined offset: 1 in /Users/fernandomendes/github/casaflores/public/catalog/view/theme/theme631/template/module/tm_google_map.tpl on line 14
2016-05-31 0:19:46 - PHP Notice:  Undefined variable: html in /Users/fernandomendes/github/casaflores/public/catalog/view/theme/theme631/template/module/tm_newsletter_popup.tpl on line 18
2016-05-31 0:19:46 - PHP Notice:  Undefined offset: 1 in /Users/fernandomendes/github/casaflores/public/catalog/view/theme/theme631/template/module/tm_google_map.tpl on line 5
2016-05-31 0:19:46 - PHP Notice:  Undefined offset: 1 in /Users/fernandomendes/github/casaflores/public/catalog/view/theme/theme631/template/module/tm_google_map.tpl on line 14
2016-05-31 0:19:47 - PHP Notice:  Undefined variable: html in /Users/fernandomendes/github/casaflores/public/catalog/view/theme/theme631/template/module/tm_newsletter_popup.tpl on line 18
2016-05-31 0:19:47 - PHP Notice:  Undefined offset: 1 in /Users/fernandomendes/github/casaflores/public/catalog/view/theme/theme631/template/module/tm_google_map.tpl on line 5
2016-05-31 0:19:47 - PHP Notice:  Undefined offset: 1 in /Users/fernandomendes/github/casaflores/public/catalog/view/theme/theme631/template/module/tm_google_map.tpl on line 14
2016-05-31 0:20:53 - PHP Notice:  Undefined variable: html in /Users/fernandomendes/github/casaflores/public/catalog/view/theme/theme631/template/module/tm_newsletter_popup.tpl on line 18
2016-05-31 0:20:53 - PHP Notice:  Undefined offset: 1 in /Users/fernandomendes/github/casaflores/public/catalog/view/theme/theme631/template/module/tm_google_map.tpl on line 5
2016-05-31 0:20:53 - PHP Notice:  Undefined offset: 1 in /Users/fernandomendes/github/casaflores/public/catalog/view/theme/theme631/template/module/tm_google_map.tpl on line 14
2016-05-31 0:20:53 - PHP Notice:  Undefined variable: html in /Users/fernandomendes/github/casaflores/public/catalog/view/theme/theme631/template/module/tm_newsletter_popup.tpl on line 18
2016-05-31 0:20:53 - PHP Notice:  Undefined offset: 1 in /Users/fernandomendes/github/casaflores/public/catalog/view/theme/theme631/template/module/tm_google_map.tpl on line 5
2016-05-31 0:20:53 - PHP Notice:  Undefined offset: 1 in /Users/fernandomendes/github/casaflores/public/catalog/view/theme/theme631/template/module/tm_google_map.tpl on line 14
2016-05-31 0:20:53 - PHP Notice:  Undefined variable: html in /Users/fernandomendes/github/casaflores/public/catalog/view/theme/theme631/template/module/tm_newsletter_popup.tpl on line 18
2016-05-31 0:20:53 - PHP Notice:  Undefined offset: 1 in /Users/fernandomendes/github/casaflores/public/catalog/view/theme/theme631/template/module/tm_google_map.tpl on line 5
2016-05-31 0:20:53 - PHP Notice:  Undefined offset: 1 in /Users/fernandomendes/github/casaflores/public/catalog/view/theme/theme631/template/module/tm_google_map.tpl on line 14
2016-05-31 0:20:54 - PHP Notice:  Undefined variable: html in /Users/fernandomendes/github/casaflores/public/catalog/view/theme/theme631/template/module/tm_newsletter_popup.tpl on line 18
2016-05-31 0:20:54 - PHP Notice:  Undefined offset: 1 in /Users/fernandomendes/github/casaflores/public/catalog/view/theme/theme631/template/module/tm_google_map.tpl on line 5
2016-05-31 0:20:54 - PHP Notice:  Undefined offset: 1 in /Users/fernandomendes/github/casaflores/public/catalog/view/theme/theme631/template/module/tm_google_map.tpl on line 14
2016-05-31 0:20:55 - PHP Notice:  Undefined variable: html in /Users/fernandomendes/github/casaflores/public/catalog/view/theme/theme631/template/module/tm_newsletter_popup.tpl on line 18
2016-05-31 0:20:55 - PHP Notice:  Undefined offset: 1 in /Users/fernandomendes/github/casaflores/public/catalog/view/theme/theme631/template/module/tm_google_map.tpl on line 5
2016-05-31 0:20:55 - PHP Notice:  Undefined offset: 1 in /Users/fernandomendes/github/casaflores/public/catalog/view/theme/theme631/template/module/tm_google_map.tpl on line 14
2016-05-31 0:21:14 - PHP Notice:  Undefined variable: html in /Users/fernandomendes/github/casaflores/public/catalog/view/theme/theme631/template/module/tm_newsletter_popup.tpl on line 18
2016-05-31 0:21:14 - PHP Notice:  Undefined offset: 1 in /Users/fernandomendes/github/casaflores/public/catalog/view/theme/theme631/template/module/tm_google_map.tpl on line 5
2016-05-31 0:21:14 - PHP Notice:  Undefined offset: 1 in /Users/fernandomendes/github/casaflores/public/catalog/view/theme/theme631/template/module/tm_google_map.tpl on line 14
2016-05-31 0:21:14 - PHP Notice:  Undefined variable: html in /Users/fernandomendes/github/casaflores/public/catalog/view/theme/theme631/template/module/tm_newsletter_popup.tpl on line 18
2016-05-31 0:21:14 - PHP Notice:  Undefined offset: 1 in /Users/fernandomendes/github/casaflores/public/catalog/view/theme/theme631/template/module/tm_google_map.tpl on line 5
2016-05-31 0:21:14 - PHP Notice:  Undefined offset: 1 in /Users/fernandomendes/github/casaflores/public/catalog/view/theme/theme631/template/module/tm_google_map.tpl on line 14
2016-05-31 0:21:15 - PHP Notice:  Undefined variable: html in /Users/fernandomendes/github/casaflores/public/catalog/view/theme/theme631/template/module/tm_newsletter_popup.tpl on line 18
2016-05-31 0:21:15 - PHP Notice:  Undefined offset: 1 in /Users/fernandomendes/github/casaflores/public/catalog/view/theme/theme631/template/module/tm_google_map.tpl on line 5
2016-05-31 0:21:15 - PHP Notice:  Undefined offset: 1 in /Users/fernandomendes/github/casaflores/public/catalog/view/theme/theme631/template/module/tm_google_map.tpl on line 14
2016-05-31 0:21:16 - PHP Notice:  Undefined variable: html in /Users/fernandomendes/github/casaflores/public/catalog/view/theme/theme631/template/module/tm_newsletter_popup.tpl on line 18
2016-05-31 0:21:16 - PHP Notice:  Undefined offset: 1 in /Users/fernandomendes/github/casaflores/public/catalog/view/theme/theme631/template/module/tm_google_map.tpl on line 5
2016-05-31 0:21:16 - PHP Notice:  Undefined offset: 1 in /Users/fernandomendes/github/casaflores/public/catalog/view/theme/theme631/template/module/tm_google_map.tpl on line 14
2016-05-31 0:21:17 - PHP Notice:  Undefined variable: html in /Users/fernandomendes/github/casaflores/public/catalog/view/theme/theme631/template/module/tm_newsletter_popup.tpl on line 18
2016-05-31 0:21:17 - PHP Notice:  Undefined offset: 1 in /Users/fernandomendes/github/casaflores/public/catalog/view/theme/theme631/template/module/tm_google_map.tpl on line 5
2016-05-31 0:21:17 - PHP Notice:  Undefined offset: 1 in /Users/fernandomendes/github/casaflores/public/catalog/view/theme/theme631/template/module/tm_google_map.tpl on line 14
2016-05-31 0:21:48 - PHP Notice:  Undefined variable: html in /Users/fernandomendes/github/casaflores/public/catalog/view/theme/theme631/template/module/tm_newsletter_popup.tpl on line 18
2016-05-31 0:21:48 - PHP Notice:  Undefined offset: 1 in /Users/fernandomendes/github/casaflores/public/catalog/view/theme/theme631/template/module/tm_google_map.tpl on line 5
2016-05-31 0:21:48 - PHP Notice:  Undefined offset: 1 in /Users/fernandomendes/github/casaflores/public/catalog/view/theme/theme631/template/module/tm_google_map.tpl on line 14
2016-05-31 0:21:49 - PHP Notice:  Undefined variable: html in /Users/fernandomendes/github/casaflores/public/catalog/view/theme/theme631/template/module/tm_newsletter_popup.tpl on line 18
2016-05-31 0:21:49 - PHP Notice:  Undefined offset: 1 in /Users/fernandomendes/github/casaflores/public/catalog/view/theme/theme631/template/module/tm_google_map.tpl on line 5
2016-05-31 0:21:49 - PHP Notice:  Undefined offset: 1 in /Users/fernandomendes/github/casaflores/public/catalog/view/theme/theme631/template/module/tm_google_map.tpl on line 14
2016-05-31 0:21:49 - PHP Notice:  Undefined variable: html in /Users/fernandomendes/github/casaflores/public/catalog/view/theme/theme631/template/module/tm_newsletter_popup.tpl on line 18
2016-05-31 0:21:49 - PHP Notice:  Undefined offset: 1 in /Users/fernandomendes/github/casaflores/public/catalog/view/theme/theme631/template/module/tm_google_map.tpl on line 5
2016-05-31 0:21:49 - PHP Notice:  Undefined offset: 1 in /Users/fernandomendes/github/casaflores/public/catalog/view/theme/theme631/template/module/tm_google_map.tpl on line 14
2016-05-31 0:21:50 - PHP Notice:  Undefined variable: html in /Users/fernandomendes/github/casaflores/public/catalog/view/theme/theme631/template/module/tm_newsletter_popup.tpl on line 18
2016-05-31 0:21:50 - PHP Notice:  Undefined offset: 1 in /Users/fernandomendes/github/casaflores/public/catalog/view/theme/theme631/template/module/tm_google_map.tpl on line 5
2016-05-31 0:21:50 - PHP Notice:  Undefined offset: 1 in /Users/fernandomendes/github/casaflores/public/catalog/view/theme/theme631/template/module/tm_google_map.tpl on line 14
2016-05-31 0:21:50 - PHP Notice:  Undefined variable: html in /Users/fernandomendes/github/casaflores/public/catalog/view/theme/theme631/template/module/tm_newsletter_popup.tpl on line 18
2016-05-31 0:21:50 - PHP Notice:  Undefined offset: 1 in /Users/fernandomendes/github/casaflores/public/catalog/view/theme/theme631/template/module/tm_google_map.tpl on line 5
2016-05-31 0:21:50 - PHP Notice:  Undefined offset: 1 in /Users/fernandomendes/github/casaflores/public/catalog/view/theme/theme631/template/module/tm_google_map.tpl on line 14
2016-05-31 0:22:31 - PHP Notice:  Undefined variable: html in /Users/fernandomendes/github/casaflores/public/catalog/view/theme/theme631/template/module/tm_newsletter_popup.tpl on line 18
2016-05-31 0:22:31 - PHP Notice:  Undefined offset: 1 in /Users/fernandomendes/github/casaflores/public/catalog/view/theme/theme631/template/module/tm_google_map.tpl on line 5
2016-05-31 0:22:31 - PHP Notice:  Undefined offset: 1 in /Users/fernandomendes/github/casaflores/public/catalog/view/theme/theme631/template/module/tm_google_map.tpl on line 14
2016-05-31 0:22:31 - PHP Notice:  Undefined variable: html in /Users/fernandomendes/github/casaflores/public/catalog/view/theme/theme631/template/module/tm_newsletter_popup.tpl on line 18
2016-05-31 0:22:31 - PHP Notice:  Undefined offset: 1 in /Users/fernandomendes/github/casaflores/public/catalog/view/theme/theme631/template/module/tm_google_map.tpl on line 5
2016-05-31 0:22:31 - PHP Notice:  Undefined offset: 1 in /Users/fernandomendes/github/casaflores/public/catalog/view/theme/theme631/template/module/tm_google_map.tpl on line 14
2016-05-31 0:22:32 - PHP Notice:  Undefined variable: html in /Users/fernandomendes/github/casaflores/public/catalog/view/theme/theme631/template/module/tm_newsletter_popup.tpl on line 18
2016-05-31 0:22:32 - PHP Notice:  Undefined offset: 1 in /Users/fernandomendes/github/casaflores/public/catalog/view/theme/theme631/template/module/tm_google_map.tpl on line 5
2016-05-31 0:22:32 - PHP Notice:  Undefined offset: 1 in /Users/fernandomendes/github/casaflores/public/catalog/view/theme/theme631/template/module/tm_google_map.tpl on line 14
2016-05-31 0:22:33 - PHP Notice:  Undefined variable: html in /Users/fernandomendes/github/casaflores/public/catalog/view/theme/theme631/template/module/tm_newsletter_popup.tpl on line 18
2016-05-31 0:22:33 - PHP Notice:  Undefined offset: 1 in /Users/fernandomendes/github/casaflores/public/catalog/view/theme/theme631/template/module/tm_google_map.tpl on line 5
2016-05-31 0:22:33 - PHP Notice:  Undefined offset: 1 in /Users/fernandomendes/github/casaflores/public/catalog/view/theme/theme631/template/module/tm_google_map.tpl on line 14
2016-05-31 0:22:34 - PHP Notice:  Undefined variable: html in /Users/fernandomendes/github/casaflores/public/catalog/view/theme/theme631/template/module/tm_newsletter_popup.tpl on line 18
2016-05-31 0:22:34 - PHP Notice:  Undefined offset: 1 in /Users/fernandomendes/github/casaflores/public/catalog/view/theme/theme631/template/module/tm_google_map.tpl on line 5
2016-05-31 0:22:34 - PHP Notice:  Undefined offset: 1 in /Users/fernandomendes/github/casaflores/public/catalog/view/theme/theme631/template/module/tm_google_map.tpl on line 14
2016-05-31 0:27:53 - PHP Notice:  Undefined variable: html in /Users/fernandomendes/github/casaflores/public/catalog/view/theme/theme631/template/module/tm_newsletter_popup.tpl on line 18
2016-05-31 0:27:53 - PHP Notice:  Undefined offset: 1 in /Users/fernandomendes/github/casaflores/public/catalog/view/theme/theme631/template/module/tm_google_map.tpl on line 5
2016-05-31 0:27:53 - PHP Notice:  Undefined offset: 1 in /Users/fernandomendes/github/casaflores/public/catalog/view/theme/theme631/template/module/tm_google_map.tpl on line 14
2016-05-31 0:27:53 - PHP Notice:  Undefined variable: html in /Users/fernandomendes/github/casaflores/public/catalog/view/theme/theme631/template/module/tm_newsletter_popup.tpl on line 18
2016-05-31 0:27:53 - PHP Notice:  Undefined offset: 1 in /Users/fernandomendes/github/casaflores/public/catalog/view/theme/theme631/template/module/tm_google_map.tpl on line 5
2016-05-31 0:27:53 - PHP Notice:  Undefined offset: 1 in /Users/fernandomendes/github/casaflores/public/catalog/view/theme/theme631/template/module/tm_google_map.tpl on line 14
2016-05-31 0:27:53 - PHP Notice:  Undefined variable: html in /Users/fernandomendes/github/casaflores/public/catalog/view/theme/theme631/template/module/tm_newsletter_popup.tpl on line 18
2016-05-31 0:27:53 - PHP Notice:  Undefined offset: 1 in /Users/fernandomendes/github/casaflores/public/catalog/view/theme/theme631/template/module/tm_google_map.tpl on line 5
2016-05-31 0:27:53 - PHP Notice:  Undefined offset: 1 in /Users/fernandomendes/github/casaflores/public/catalog/view/theme/theme631/template/module/tm_google_map.tpl on line 14
2016-05-31 0:27:54 - PHP Notice:  Undefined variable: html in /Users/fernandomendes/github/casaflores/public/catalog/view/theme/theme631/template/module/tm_newsletter_popup.tpl on line 18
2016-05-31 0:27:54 - PHP Notice:  Undefined offset: 1 in /Users/fernandomendes/github/casaflores/public/catalog/view/theme/theme631/template/module/tm_google_map.tpl on line 5
2016-05-31 0:27:54 - PHP Notice:  Undefined offset: 1 in /Users/fernandomendes/github/casaflores/public/catalog/view/theme/theme631/template/module/tm_google_map.tpl on line 14
2016-05-31 0:27:55 - PHP Notice:  Undefined variable: html in /Users/fernandomendes/github/casaflores/public/catalog/view/theme/theme631/template/module/tm_newsletter_popup.tpl on line 18
2016-05-31 0:27:55 - PHP Notice:  Undefined offset: 1 in /Users/fernandomendes/github/casaflores/public/catalog/view/theme/theme631/template/module/tm_google_map.tpl on line 5
2016-05-31 0:27:55 - PHP Notice:  Undefined offset: 1 in /Users/fernandomendes/github/casaflores/public/catalog/view/theme/theme631/template/module/tm_google_map.tpl on line 14
2016-05-31 0:29:12 - PHP Notice:  Undefined variable: html in /Users/fernandomendes/github/casaflores/public/catalog/view/theme/theme631/template/module/tm_newsletter_popup.tpl on line 18
2016-05-31 0:29:12 - PHP Notice:  Undefined offset: 1 in /Users/fernandomendes/github/casaflores/public/catalog/view/theme/theme631/template/module/tm_google_map.tpl on line 5
2016-05-31 0:29:12 - PHP Notice:  Undefined offset: 1 in /Users/fernandomendes/github/casaflores/public/catalog/view/theme/theme631/template/module/tm_google_map.tpl on line 14
2016-05-31 0:29:12 - PHP Notice:  Undefined variable: html in /Users/fernandomendes/github/casaflores/public/catalog/view/theme/theme631/template/module/tm_newsletter_popup.tpl on line 18
2016-05-31 0:29:12 - PHP Notice:  Undefined offset: 1 in /Users/fernandomendes/github/casaflores/public/catalog/view/theme/theme631/template/module/tm_google_map.tpl on line 5
2016-05-31 0:29:12 - PHP Notice:  Undefined offset: 1 in /Users/fernandomendes/github/casaflores/public/catalog/view/theme/theme631/template/module/tm_google_map.tpl on line 14
2016-05-31 0:29:12 - PHP Notice:  Undefined variable: html in /Users/fernandomendes/github/casaflores/public/catalog/view/theme/theme631/template/module/tm_newsletter_popup.tpl on line 18
2016-05-31 0:29:12 - PHP Notice:  Undefined offset: 1 in /Users/fernandomendes/github/casaflores/public/catalog/view/theme/theme631/template/module/tm_google_map.tpl on line 5
2016-05-31 0:29:12 - PHP Notice:  Undefined offset: 1 in /Users/fernandomendes/github/casaflores/public/catalog/view/theme/theme631/template/module/tm_google_map.tpl on line 14
2016-05-31 0:29:13 - PHP Notice:  Undefined variable: html in /Users/fernandomendes/github/casaflores/public/catalog/view/theme/theme631/template/module/tm_newsletter_popup.tpl on line 18
2016-05-31 0:29:13 - PHP Notice:  Undefined offset: 1 in /Users/fernandomendes/github/casaflores/public/catalog/view/theme/theme631/template/module/tm_google_map.tpl on line 5
2016-05-31 0:29:13 - PHP Notice:  Undefined offset: 1 in /Users/fernandomendes/github/casaflores/public/catalog/view/theme/theme631/template/module/tm_google_map.tpl on line 14
2016-05-31 0:29:14 - PHP Notice:  Undefined variable: html in /Users/fernandomendes/github/casaflores/public/catalog/view/theme/theme631/template/module/tm_newsletter_popup.tpl on line 18
2016-05-31 0:29:14 - PHP Notice:  Undefined offset: 1 in /Users/fernandomendes/github/casaflores/public/catalog/view/theme/theme631/template/module/tm_google_map.tpl on line 5
2016-05-31 0:29:14 - PHP Notice:  Undefined offset: 1 in /Users/fernandomendes/github/casaflores/public/catalog/view/theme/theme631/template/module/tm_google_map.tpl on line 14
2016-05-31 0:29:51 - PHP Notice:  Undefined variable: html in /Users/fernandomendes/github/casaflores/public/catalog/view/theme/theme631/template/module/tm_newsletter_popup.tpl on line 18
2016-05-31 0:29:51 - PHP Notice:  Undefined offset: 1 in /Users/fernandomendes/github/casaflores/public/catalog/view/theme/theme631/template/module/tm_google_map.tpl on line 5
2016-05-31 0:29:51 - PHP Notice:  Undefined offset: 1 in /Users/fernandomendes/github/casaflores/public/catalog/view/theme/theme631/template/module/tm_google_map.tpl on line 14
2016-05-31 0:29:51 - PHP Notice:  Undefined variable: html in /Users/fernandomendes/github/casaflores/public/catalog/view/theme/theme631/template/module/tm_newsletter_popup.tpl on line 18
2016-05-31 0:29:51 - PHP Notice:  Undefined offset: 1 in /Users/fernandomendes/github/casaflores/public/catalog/view/theme/theme631/template/module/tm_google_map.tpl on line 5
2016-05-31 0:29:51 - PHP Notice:  Undefined offset: 1 in /Users/fernandomendes/github/casaflores/public/catalog/view/theme/theme631/template/module/tm_google_map.tpl on line 14
2016-05-31 0:29:52 - PHP Notice:  Undefined variable: html in /Users/fernandomendes/github/casaflores/public/catalog/view/theme/theme631/template/module/tm_newsletter_popup.tpl on line 18
2016-05-31 0:29:52 - PHP Notice:  Undefined offset: 1 in /Users/fernandomendes/github/casaflores/public/catalog/view/theme/theme631/template/module/tm_google_map.tpl on line 5
2016-05-31 0:29:52 - PHP Notice:  Undefined offset: 1 in /Users/fernandomendes/github/casaflores/public/catalog/view/theme/theme631/template/module/tm_google_map.tpl on line 14
2016-05-31 0:29:52 - PHP Notice:  Undefined variable: html in /Users/fernandomendes/github/casaflores/public/catalog/view/theme/theme631/template/module/tm_newsletter_popup.tpl on line 18
2016-05-31 0:29:52 - PHP Notice:  Undefined offset: 1 in /Users/fernandomendes/github/casaflores/public/catalog/view/theme/theme631/template/module/tm_google_map.tpl on line 5
2016-05-31 0:29:52 - PHP Notice:  Undefined offset: 1 in /Users/fernandomendes/github/casaflores/public/catalog/view/theme/theme631/template/module/tm_google_map.tpl on line 14
2016-05-31 0:30:30 - PHP Notice:  Undefined variable: html in /Users/fernandomendes/github/casaflores/public/catalog/view/theme/theme631/template/module/tm_newsletter_popup.tpl on line 18
2016-05-31 0:30:30 - PHP Notice:  Undefined offset: 1 in /Users/fernandomendes/github/casaflores/public/catalog/view/theme/theme631/template/module/tm_google_map.tpl on line 5
2016-05-31 0:30:30 - PHP Notice:  Undefined offset: 1 in /Users/fernandomendes/github/casaflores/public/catalog/view/theme/theme631/template/module/tm_google_map.tpl on line 14
2016-05-31 0:30:30 - PHP Notice:  Undefined variable: html in /Users/fernandomendes/github/casaflores/public/catalog/view/theme/theme631/template/module/tm_newsletter_popup.tpl on line 18
2016-05-31 0:30:30 - PHP Notice:  Undefined offset: 1 in /Users/fernandomendes/github/casaflores/public/catalog/view/theme/theme631/template/module/tm_google_map.tpl on line 5
2016-05-31 0:30:30 - PHP Notice:  Undefined offset: 1 in /Users/fernandomendes/github/casaflores/public/catalog/view/theme/theme631/template/module/tm_google_map.tpl on line 14
2016-05-31 0:30:30 - PHP Notice:  Undefined variable: html in /Users/fernandomendes/github/casaflores/public/catalog/view/theme/theme631/template/module/tm_newsletter_popup.tpl on line 18
2016-05-31 0:30:30 - PHP Notice:  Undefined offset: 1 in /Users/fernandomendes/github/casaflores/public/catalog/view/theme/theme631/template/module/tm_google_map.tpl on line 5
2016-05-31 0:30:30 - PHP Notice:  Undefined offset: 1 in /Users/fernandomendes/github/casaflores/public/catalog/view/theme/theme631/template/module/tm_google_map.tpl on line 14
2016-05-31 0:30:31 - PHP Notice:  Undefined variable: html in /Users/fernandomendes/github/casaflores/public/catalog/view/theme/theme631/template/module/tm_newsletter_popup.tpl on line 18
2016-05-31 0:30:31 - PHP Notice:  Undefined offset: 1 in /Users/fernandomendes/github/casaflores/public/catalog/view/theme/theme631/template/module/tm_google_map.tpl on line 5
2016-05-31 0:30:31 - PHP Notice:  Undefined offset: 1 in /Users/fernandomendes/github/casaflores/public/catalog/view/theme/theme631/template/module/tm_google_map.tpl on line 14
2016-05-31 0:30:32 - PHP Notice:  Undefined variable: html in /Users/fernandomendes/github/casaflores/public/catalog/view/theme/theme631/template/module/tm_newsletter_popup.tpl on line 18
2016-05-31 0:30:32 - PHP Notice:  Undefined offset: 1 in /Users/fernandomendes/github/casaflores/public/catalog/view/theme/theme631/template/module/tm_google_map.tpl on line 5
2016-05-31 0:30:32 - PHP Notice:  Undefined offset: 1 in /Users/fernandomendes/github/casaflores/public/catalog/view/theme/theme631/template/module/tm_google_map.tpl on line 14
2016-05-31 0:32:33 - PHP Notice:  Undefined variable: html in /Users/fernandomendes/github/casaflores/public/catalog/view/theme/theme631/template/module/tm_newsletter_popup.tpl on line 18
2016-05-31 0:32:33 - PHP Notice:  Undefined offset: 1 in /Users/fernandomendes/github/casaflores/public/catalog/view/theme/theme631/template/module/tm_google_map.tpl on line 5
2016-05-31 0:32:33 - PHP Notice:  Undefined offset: 1 in /Users/fernandomendes/github/casaflores/public/catalog/view/theme/theme631/template/module/tm_google_map.tpl on line 14
2016-05-31 0:32:34 - PHP Notice:  Undefined variable: html in /Users/fernandomendes/github/casaflores/public/catalog/view/theme/theme631/template/module/tm_newsletter_popup.tpl on line 18
2016-05-31 0:32:34 - PHP Notice:  Undefined offset: 1 in /Users/fernandomendes/github/casaflores/public/catalog/view/theme/theme631/template/module/tm_google_map.tpl on line 5
2016-05-31 0:32:34 - PHP Notice:  Undefined offset: 1 in /Users/fernandomendes/github/casaflores/public/catalog/view/theme/theme631/template/module/tm_google_map.tpl on line 14
2016-05-31 0:32:34 - PHP Notice:  Undefined variable: html in /Users/fernandomendes/github/casaflores/public/catalog/view/theme/theme631/template/module/tm_newsletter_popup.tpl on line 18
2016-05-31 0:32:34 - PHP Notice:  Undefined offset: 1 in /Users/fernandomendes/github/casaflores/public/catalog/view/theme/theme631/template/module/tm_google_map.tpl on line 5
2016-05-31 0:32:34 - PHP Notice:  Undefined offset: 1 in /Users/fernandomendes/github/casaflores/public/catalog/view/theme/theme631/template/module/tm_google_map.tpl on line 14
2016-05-31 0:32:34 - PHP Notice:  Undefined variable: html in /Users/fernandomendes/github/casaflores/public/catalog/view/theme/theme631/template/module/tm_newsletter_popup.tpl on line 18
2016-05-31 0:32:34 - PHP Notice:  Undefined offset: 1 in /Users/fernandomendes/github/casaflores/public/catalog/view/theme/theme631/template/module/tm_google_map.tpl on line 5
2016-05-31 0:32:34 - PHP Notice:  Undefined offset: 1 in /Users/fernandomendes/github/casaflores/public/catalog/view/theme/theme631/template/module/tm_google_map.tpl on line 14
2016-05-31 0:32:35 - PHP Notice:  Undefined variable: html in /Users/fernandomendes/github/casaflores/public/catalog/view/theme/theme631/template/module/tm_newsletter_popup.tpl on line 18
2016-05-31 0:32:35 - PHP Notice:  Undefined offset: 1 in /Users/fernandomendes/github/casaflores/public/catalog/view/theme/theme631/template/module/tm_google_map.tpl on line 5
2016-05-31 0:32:35 - PHP Notice:  Undefined offset: 1 in /Users/fernandomendes/github/casaflores/public/catalog/view/theme/theme631/template/module/tm_google_map.tpl on line 14
2016-05-31 0:32:58 - PHP Notice:  Undefined variable: html in /Users/fernandomendes/github/casaflores/public/catalog/view/theme/theme631/template/module/tm_newsletter_popup.tpl on line 18
2016-05-31 0:32:58 - PHP Notice:  Undefined offset: 1 in /Users/fernandomendes/github/casaflores/public/catalog/view/theme/theme631/template/module/tm_google_map.tpl on line 5
2016-05-31 0:32:58 - PHP Notice:  Undefined offset: 1 in /Users/fernandomendes/github/casaflores/public/catalog/view/theme/theme631/template/module/tm_google_map.tpl on line 14
2016-05-31 0:32:59 - PHP Notice:  Undefined variable: html in /Users/fernandomendes/github/casaflores/public/catalog/view/theme/theme631/template/module/tm_newsletter_popup.tpl on line 18
2016-05-31 0:32:59 - PHP Notice:  Undefined offset: 1 in /Users/fernandomendes/github/casaflores/public/catalog/view/theme/theme631/template/module/tm_google_map.tpl on line 5
2016-05-31 0:32:59 - PHP Notice:  Undefined offset: 1 in /Users/fernandomendes/github/casaflores/public/catalog/view/theme/theme631/template/module/tm_google_map.tpl on line 14
2016-05-31 0:32:59 - PHP Notice:  Undefined variable: html in /Users/fernandomendes/github/casaflores/public/catalog/view/theme/theme631/template/module/tm_newsletter_popup.tpl on line 18
2016-05-31 0:32:59 - PHP Notice:  Undefined offset: 1 in /Users/fernandomendes/github/casaflores/public/catalog/view/theme/theme631/template/module/tm_google_map.tpl on line 5
2016-05-31 0:32:59 - PHP Notice:  Undefined offset: 1 in /Users/fernandomendes/github/casaflores/public/catalog/view/theme/theme631/template/module/tm_google_map.tpl on line 14
2016-05-31 0:32:59 - PHP Notice:  Undefined variable: html in /Users/fernandomendes/github/casaflores/public/catalog/view/theme/theme631/template/module/tm_newsletter_popup.tpl on line 18
2016-05-31 0:32:59 - PHP Notice:  Undefined offset: 1 in /Users/fernandomendes/github/casaflores/public/catalog/view/theme/theme631/template/module/tm_google_map.tpl on line 5
2016-05-31 0:32:59 - PHP Notice:  Undefined offset: 1 in /Users/fernandomendes/github/casaflores/public/catalog/view/theme/theme631/template/module/tm_google_map.tpl on line 14
2016-05-31 0:33:00 - PHP Notice:  Undefined variable: html in /Users/fernandomendes/github/casaflores/public/catalog/view/theme/theme631/template/module/tm_newsletter_popup.tpl on line 18
2016-05-31 0:33:00 - PHP Notice:  Undefined offset: 1 in /Users/fernandomendes/github/casaflores/public/catalog/view/theme/theme631/template/module/tm_google_map.tpl on line 5
2016-05-31 0:33:00 - PHP Notice:  Undefined offset: 1 in /Users/fernandomendes/github/casaflores/public/catalog/view/theme/theme631/template/module/tm_google_map.tpl on line 14
2016-05-31 0:33:54 - PHP Notice:  Undefined variable: html in /Users/fernandomendes/github/casaflores/public/catalog/view/theme/theme631/template/module/tm_newsletter_popup.tpl on line 18
2016-05-31 0:33:54 - PHP Notice:  Undefined offset: 1 in /Users/fernandomendes/github/casaflores/public/catalog/view/theme/theme631/template/module/tm_google_map.tpl on line 5
2016-05-31 0:33:54 - PHP Notice:  Undefined offset: 1 in /Users/fernandomendes/github/casaflores/public/catalog/view/theme/theme631/template/module/tm_google_map.tpl on line 14
2016-05-31 0:33:54 - PHP Notice:  Undefined variable: html in /Users/fernandomendes/github/casaflores/public/catalog/view/theme/theme631/template/module/tm_newsletter_popup.tpl on line 18
2016-05-31 0:33:54 - PHP Notice:  Undefined offset: 1 in /Users/fernandomendes/github/casaflores/public/catalog/view/theme/theme631/template/module/tm_google_map.tpl on line 5
2016-05-31 0:33:54 - PHP Notice:  Undefined offset: 1 in /Users/fernandomendes/github/casaflores/public/catalog/view/theme/theme631/template/module/tm_google_map.tpl on line 14
2016-05-31 0:33:55 - PHP Notice:  Undefined variable: html in /Users/fernandomendes/github/casaflores/public/catalog/view/theme/theme631/template/module/tm_newsletter_popup.tpl on line 18
2016-05-31 0:33:55 - PHP Notice:  Undefined offset: 1 in /Users/fernandomendes/github/casaflores/public/catalog/view/theme/theme631/template/module/tm_google_map.tpl on line 5
2016-05-31 0:33:55 - PHP Notice:  Undefined offset: 1 in /Users/fernandomendes/github/casaflores/public/catalog/view/theme/theme631/template/module/tm_google_map.tpl on line 14
2016-05-31 0:33:56 - PHP Notice:  Undefined variable: html in /Users/fernandomendes/github/casaflores/public/catalog/view/theme/theme631/template/module/tm_newsletter_popup.tpl on line 18
2016-05-31 0:33:56 - PHP Notice:  Undefined offset: 1 in /Users/fernandomendes/github/casaflores/public/catalog/view/theme/theme631/template/module/tm_google_map.tpl on line 5
2016-05-31 0:33:56 - PHP Notice:  Undefined offset: 1 in /Users/fernandomendes/github/casaflores/public/catalog/view/theme/theme631/template/module/tm_google_map.tpl on line 14
2016-05-31 0:33:56 - PHP Notice:  Undefined variable: html in /Users/fernandomendes/github/casaflores/public/catalog/view/theme/theme631/template/module/tm_newsletter_popup.tpl on line 18
2016-05-31 0:33:56 - PHP Notice:  Undefined offset: 1 in /Users/fernandomendes/github/casaflores/public/catalog/view/theme/theme631/template/module/tm_google_map.tpl on line 5
2016-05-31 0:33:56 - PHP Notice:  Undefined offset: 1 in /Users/fernandomendes/github/casaflores/public/catalog/view/theme/theme631/template/module/tm_google_map.tpl on line 14
2016-05-31 0:34:07 - PHP Notice:  Undefined variable: html in /Users/fernandomendes/github/casaflores/public/catalog/view/theme/theme631/template/module/tm_newsletter_popup.tpl on line 18
2016-05-31 0:34:07 - PHP Notice:  Undefined offset: 1 in /Users/fernandomendes/github/casaflores/public/catalog/view/theme/theme631/template/module/tm_google_map.tpl on line 5
2016-05-31 0:34:07 - PHP Notice:  Undefined offset: 1 in /Users/fernandomendes/github/casaflores/public/catalog/view/theme/theme631/template/module/tm_google_map.tpl on line 14
2016-05-31 0:34:07 - PHP Notice:  Undefined variable: html in /Users/fernandomendes/github/casaflores/public/catalog/view/theme/theme631/template/module/tm_newsletter_popup.tpl on line 18
2016-05-31 0:34:07 - PHP Notice:  Undefined offset: 1 in /Users/fernandomendes/github/casaflores/public/catalog/view/theme/theme631/template/module/tm_google_map.tpl on line 5
2016-05-31 0:34:07 - PHP Notice:  Undefined offset: 1 in /Users/fernandomendes/github/casaflores/public/catalog/view/theme/theme631/template/module/tm_google_map.tpl on line 14
2016-05-31 0:34:07 - PHP Notice:  Undefined variable: html in /Users/fernandomendes/github/casaflores/public/catalog/view/theme/theme631/template/module/tm_newsletter_popup.tpl on line 18
2016-05-31 0:34:07 - PHP Notice:  Undefined offset: 1 in /Users/fernandomendes/github/casaflores/public/catalog/view/theme/theme631/template/module/tm_google_map.tpl on line 5
2016-05-31 0:34:07 - PHP Notice:  Undefined offset: 1 in /Users/fernandomendes/github/casaflores/public/catalog/view/theme/theme631/template/module/tm_google_map.tpl on line 14
2016-05-31 0:34:08 - PHP Notice:  Undefined variable: html in /Users/fernandomendes/github/casaflores/public/catalog/view/theme/theme631/template/module/tm_newsletter_popup.tpl on line 18
2016-05-31 0:34:08 - PHP Notice:  Undefined offset: 1 in /Users/fernandomendes/github/casaflores/public/catalog/view/theme/theme631/template/module/tm_google_map.tpl on line 5
2016-05-31 0:34:08 - PHP Notice:  Undefined offset: 1 in /Users/fernandomendes/github/casaflores/public/catalog/view/theme/theme631/template/module/tm_google_map.tpl on line 14
2016-05-31 0:34:08 - PHP Notice:  Undefined variable: html in /Users/fernandomendes/github/casaflores/public/catalog/view/theme/theme631/template/module/tm_newsletter_popup.tpl on line 18
2016-05-31 0:34:08 - PHP Notice:  Undefined offset: 1 in /Users/fernandomendes/github/casaflores/public/catalog/view/theme/theme631/template/module/tm_google_map.tpl on line 5
2016-05-31 0:34:08 - PHP Notice:  Undefined offset: 1 in /Users/fernandomendes/github/casaflores/public/catalog/view/theme/theme631/template/module/tm_google_map.tpl on line 14
2016-05-31 0:35:03 - PHP Notice:  Undefined variable: html in /Users/fernandomendes/github/casaflores/public/catalog/view/theme/theme631/template/module/tm_newsletter_popup.tpl on line 18
2016-05-31 0:35:03 - PHP Notice:  Undefined offset: 1 in /Users/fernandomendes/github/casaflores/public/catalog/view/theme/theme631/template/module/tm_google_map.tpl on line 5
2016-05-31 0:35:03 - PHP Notice:  Undefined offset: 1 in /Users/fernandomendes/github/casaflores/public/catalog/view/theme/theme631/template/module/tm_google_map.tpl on line 14
2016-05-31 0:35:13 - PHP Notice:  Undefined variable: html in /Users/fernandomendes/github/casaflores/public/catalog/view/theme/theme631/template/module/tm_newsletter_popup.tpl on line 18
2016-05-31 0:35:13 - PHP Notice:  Undefined offset: 1 in /Users/fernandomendes/github/casaflores/public/catalog/view/theme/theme631/template/module/tm_google_map.tpl on line 5
2016-05-31 0:35:13 - PHP Notice:  Undefined offset: 1 in /Users/fernandomendes/github/casaflores/public/catalog/view/theme/theme631/template/module/tm_google_map.tpl on line 14
2016-05-31 0:35:14 - PHP Notice:  Undefined variable: html in /Users/fernandomendes/github/casaflores/public/catalog/view/theme/theme631/template/module/tm_newsletter_popup.tpl on line 18
2016-05-31 0:35:14 - PHP Notice:  Undefined offset: 1 in /Users/fernandomendes/github/casaflores/public/catalog/view/theme/theme631/template/module/tm_google_map.tpl on line 5
2016-05-31 0:35:14 - PHP Notice:  Undefined offset: 1 in /Users/fernandomendes/github/casaflores/public/catalog/view/theme/theme631/template/module/tm_google_map.tpl on line 14
2016-05-31 0:35:57 - PHP Notice:  Undefined variable: html in /Users/fernandomendes/github/casaflores/public/catalog/view/theme/theme631/template/module/tm_newsletter_popup.tpl on line 18
2016-05-31 0:35:57 - PHP Notice:  Undefined offset: 1 in /Users/fernandomendes/github/casaflores/public/catalog/view/theme/theme631/template/module/tm_google_map.tpl on line 5
2016-05-31 0:35:57 - PHP Notice:  Undefined offset: 1 in /Users/fernandomendes/github/casaflores/public/catalog/view/theme/theme631/template/module/tm_google_map.tpl on line 14
2016-05-31 0:35:57 - PHP Notice:  Undefined variable: html in /Users/fernandomendes/github/casaflores/public/catalog/view/theme/theme631/template/module/tm_newsletter_popup.tpl on line 18
2016-05-31 0:35:57 - PHP Notice:  Undefined offset: 1 in /Users/fernandomendes/github/casaflores/public/catalog/view/theme/theme631/template/module/tm_google_map.tpl on line 5
2016-05-31 0:35:57 - PHP Notice:  Undefined offset: 1 in /Users/fernandomendes/github/casaflores/public/catalog/view/theme/theme631/template/module/tm_google_map.tpl on line 14
2016-05-31 0:35:58 - PHP Notice:  Undefined variable: html in /Users/fernandomendes/github/casaflores/public/catalog/view/theme/theme631/template/module/tm_newsletter_popup.tpl on line 18
2016-05-31 0:35:58 - PHP Notice:  Undefined offset: 1 in /Users/fernandomendes/github/casaflores/public/catalog/view/theme/theme631/template/module/tm_google_map.tpl on line 5
2016-05-31 0:35:58 - PHP Notice:  Undefined offset: 1 in /Users/fernandomendes/github/casaflores/public/catalog/view/theme/theme631/template/module/tm_google_map.tpl on line 14
2016-05-31 0:35:58 - PHP Notice:  Undefined variable: html in /Users/fernandomendes/github/casaflores/public/catalog/view/theme/theme631/template/module/tm_newsletter_popup.tpl on line 18
2016-05-31 0:35:58 - PHP Notice:  Undefined offset: 1 in /Users/fernandomendes/github/casaflores/public/catalog/view/theme/theme631/template/module/tm_google_map.tpl on line 5
2016-05-31 0:35:58 - PHP Notice:  Undefined offset: 1 in /Users/fernandomendes/github/casaflores/public/catalog/view/theme/theme631/template/module/tm_google_map.tpl on line 14
2016-05-31 0:35:59 - PHP Notice:  Undefined variable: html in /Users/fernandomendes/github/casaflores/public/catalog/view/theme/theme631/template/module/tm_newsletter_popup.tpl on line 18
2016-05-31 0:35:59 - PHP Notice:  Undefined offset: 1 in /Users/fernandomendes/github/casaflores/public/catalog/view/theme/theme631/template/module/tm_google_map.tpl on line 5
2016-05-31 0:35:59 - PHP Notice:  Undefined offset: 1 in /Users/fernandomendes/github/casaflores/public/catalog/view/theme/theme631/template/module/tm_google_map.tpl on line 14
2016-05-31 0:37:12 - PHP Notice:  Undefined variable: html in /Users/fernandomendes/github/casaflores/public/catalog/view/theme/theme631/template/module/tm_newsletter_popup.tpl on line 18
2016-05-31 0:37:12 - PHP Notice:  Undefined offset: 1 in /Users/fernandomendes/github/casaflores/public/catalog/view/theme/theme631/template/module/tm_google_map.tpl on line 5
2016-05-31 0:37:12 - PHP Notice:  Undefined offset: 1 in /Users/fernandomendes/github/casaflores/public/catalog/view/theme/theme631/template/module/tm_google_map.tpl on line 14
2016-05-31 0:37:13 - PHP Notice:  Undefined variable: html in /Users/fernandomendes/github/casaflores/public/catalog/view/theme/theme631/template/module/tm_newsletter_popup.tpl on line 18
2016-05-31 0:37:13 - PHP Notice:  Undefined offset: 1 in /Users/fernandomendes/github/casaflores/public/catalog/view/theme/theme631/template/module/tm_google_map.tpl on line 5
2016-05-31 0:37:13 - PHP Notice:  Undefined offset: 1 in /Users/fernandomendes/github/casaflores/public/catalog/view/theme/theme631/template/module/tm_google_map.tpl on line 14
2016-05-31 0:37:13 - PHP Notice:  Undefined variable: html in /Users/fernandomendes/github/casaflores/public/catalog/view/theme/theme631/template/module/tm_newsletter_popup.tpl on line 18
2016-05-31 0:37:13 - PHP Notice:  Undefined offset: 1 in /Users/fernandomendes/github/casaflores/public/catalog/view/theme/theme631/template/module/tm_google_map.tpl on line 5
2016-05-31 0:37:13 - PHP Notice:  Undefined offset: 1 in /Users/fernandomendes/github/casaflores/public/catalog/view/theme/theme631/template/module/tm_google_map.tpl on line 14
2016-05-31 0:37:14 - PHP Notice:  Undefined variable: html in /Users/fernandomendes/github/casaflores/public/catalog/view/theme/theme631/template/module/tm_newsletter_popup.tpl on line 18
2016-05-31 0:37:14 - PHP Notice:  Undefined offset: 1 in /Users/fernandomendes/github/casaflores/public/catalog/view/theme/theme631/template/module/tm_google_map.tpl on line 5
2016-05-31 0:37:14 - PHP Notice:  Undefined offset: 1 in /Users/fernandomendes/github/casaflores/public/catalog/view/theme/theme631/template/module/tm_google_map.tpl on line 14
2016-05-31 0:37:15 - PHP Notice:  Undefined variable: html in /Users/fernandomendes/github/casaflores/public/catalog/view/theme/theme631/template/module/tm_newsletter_popup.tpl on line 18
2016-05-31 0:37:15 - PHP Notice:  Undefined offset: 1 in /Users/fernandomendes/github/casaflores/public/catalog/view/theme/theme631/template/module/tm_google_map.tpl on line 5
2016-05-31 0:37:15 - PHP Notice:  Undefined offset: 1 in /Users/fernandomendes/github/casaflores/public/catalog/view/theme/theme631/template/module/tm_google_map.tpl on line 14
2016-05-31 0:42:05 - PHP Notice:  Undefined variable: html in /Users/fernandomendes/github/casaflores/public/catalog/view/theme/theme631/template/module/tm_newsletter_popup.tpl on line 18
2016-05-31 0:42:05 - PHP Notice:  Undefined offset: 1 in /Users/fernandomendes/github/casaflores/public/catalog/view/theme/theme631/template/module/tm_google_map.tpl on line 5
2016-05-31 0:42:05 - PHP Notice:  Undefined offset: 1 in /Users/fernandomendes/github/casaflores/public/catalog/view/theme/theme631/template/module/tm_google_map.tpl on line 14
2016-05-31 0:42:06 - PHP Notice:  Undefined variable: html in /Users/fernandomendes/github/casaflores/public/catalog/view/theme/theme631/template/module/tm_newsletter_popup.tpl on line 18
2016-05-31 0:42:06 - PHP Notice:  Undefined offset: 1 in /Users/fernandomendes/github/casaflores/public/catalog/view/theme/theme631/template/module/tm_google_map.tpl on line 5
2016-05-31 0:42:06 - PHP Notice:  Undefined offset: 1 in /Users/fernandomendes/github/casaflores/public/catalog/view/theme/theme631/template/module/tm_google_map.tpl on line 14
2016-05-31 0:42:06 - PHP Notice:  Undefined variable: html in /Users/fernandomendes/github/casaflores/public/catalog/view/theme/theme631/template/module/tm_newsletter_popup.tpl on line 18
2016-05-31 0:42:06 - PHP Notice:  Undefined offset: 1 in /Users/fernandomendes/github/casaflores/public/catalog/view/theme/theme631/template/module/tm_google_map.tpl on line 5
2016-05-31 0:42:06 - PHP Notice:  Undefined offset: 1 in /Users/fernandomendes/github/casaflores/public/catalog/view/theme/theme631/template/module/tm_google_map.tpl on line 14
2016-05-31 0:42:06 - PHP Notice:  Undefined variable: html in /Users/fernandomendes/github/casaflores/public/catalog/view/theme/theme631/template/module/tm_newsletter_popup.tpl on line 18
2016-05-31 0:42:06 - PHP Notice:  Undefined offset: 1 in /Users/fernandomendes/github/casaflores/public/catalog/view/theme/theme631/template/module/tm_google_map.tpl on line 5
2016-05-31 0:42:06 - PHP Notice:  Undefined offset: 1 in /Users/fernandomendes/github/casaflores/public/catalog/view/theme/theme631/template/module/tm_google_map.tpl on line 14
2016-05-31 0:42:07 - PHP Notice:  Undefined variable: html in /Users/fernandomendes/github/casaflores/public/catalog/view/theme/theme631/template/module/tm_newsletter_popup.tpl on line 18
2016-05-31 0:42:07 - PHP Notice:  Undefined offset: 1 in /Users/fernandomendes/github/casaflores/public/catalog/view/theme/theme631/template/module/tm_google_map.tpl on line 5
2016-05-31 0:42:07 - PHP Notice:  Undefined offset: 1 in /Users/fernandomendes/github/casaflores/public/catalog/view/theme/theme631/template/module/tm_google_map.tpl on line 14
2016-05-31 0:43:11 - PHP Notice:  Undefined variable: html in /Users/fernandomendes/github/casaflores/public/catalog/view/theme/theme631/template/module/tm_newsletter_popup.tpl on line 18
2016-05-31 0:43:11 - PHP Notice:  Undefined offset: 1 in /Users/fernandomendes/github/casaflores/public/catalog/view/theme/theme631/template/module/tm_google_map.tpl on line 5
2016-05-31 0:43:11 - PHP Notice:  Undefined offset: 1 in /Users/fernandomendes/github/casaflores/public/catalog/view/theme/theme631/template/module/tm_google_map.tpl on line 14
2016-05-31 0:43:11 - PHP Notice:  Undefined variable: html in /Users/fernandomendes/github/casaflores/public/catalog/view/theme/theme631/template/module/tm_newsletter_popup.tpl on line 18
2016-05-31 0:43:11 - PHP Notice:  Undefined offset: 1 in /Users/fernandomendes/github/casaflores/public/catalog/view/theme/theme631/template/module/tm_google_map.tpl on line 5
2016-05-31 0:43:11 - PHP Notice:  Undefined offset: 1 in /Users/fernandomendes/github/casaflores/public/catalog/view/theme/theme631/template/module/tm_google_map.tpl on line 14
2016-05-31 0:43:12 - PHP Notice:  Undefined variable: html in /Users/fernandomendes/github/casaflores/public/catalog/view/theme/theme631/template/module/tm_newsletter_popup.tpl on line 18
2016-05-31 0:43:12 - PHP Notice:  Undefined offset: 1 in /Users/fernandomendes/github/casaflores/public/catalog/view/theme/theme631/template/module/tm_google_map.tpl on line 5
2016-05-31 0:43:12 - PHP Notice:  Undefined offset: 1 in /Users/fernandomendes/github/casaflores/public/catalog/view/theme/theme631/template/module/tm_google_map.tpl on line 14
2016-05-31 0:43:12 - PHP Notice:  Undefined variable: html in /Users/fernandomendes/github/casaflores/public/catalog/view/theme/theme631/template/module/tm_newsletter_popup.tpl on line 18
2016-05-31 0:43:12 - PHP Notice:  Undefined offset: 1 in /Users/fernandomendes/github/casaflores/public/catalog/view/theme/theme631/template/module/tm_google_map.tpl on line 5
2016-05-31 0:43:12 - PHP Notice:  Undefined offset: 1 in /Users/fernandomendes/github/casaflores/public/catalog/view/theme/theme631/template/module/tm_google_map.tpl on line 14
2016-05-31 0:50:03 - PHP Notice:  Undefined variable: html in /Users/fernandomendes/github/casaflores/public/catalog/view/theme/theme631/template/module/tm_newsletter_popup.tpl on line 18
2016-05-31 0:50:03 - PHP Notice:  Undefined offset: 1 in /Users/fernandomendes/github/casaflores/public/catalog/view/theme/theme631/template/module/tm_google_map.tpl on line 5
2016-05-31 0:50:03 - PHP Notice:  Undefined offset: 1 in /Users/fernandomendes/github/casaflores/public/catalog/view/theme/theme631/template/module/tm_google_map.tpl on line 14
2016-05-31 0:50:03 - PHP Notice:  Undefined variable: html in /Users/fernandomendes/github/casaflores/public/catalog/view/theme/theme631/template/module/tm_newsletter_popup.tpl on line 18
2016-05-31 0:50:03 - PHP Notice:  Undefined offset: 1 in /Users/fernandomendes/github/casaflores/public/catalog/view/theme/theme631/template/module/tm_google_map.tpl on line 5
2016-05-31 0:50:03 - PHP Notice:  Undefined offset: 1 in /Users/fernandomendes/github/casaflores/public/catalog/view/theme/theme631/template/module/tm_google_map.tpl on line 14
2016-05-31 0:50:03 - PHP Notice:  Undefined variable: html in /Users/fernandomendes/github/casaflores/public/catalog/view/theme/theme631/template/module/tm_newsletter_popup.tpl on line 18
2016-05-31 0:50:03 - PHP Notice:  Undefined offset: 1 in /Users/fernandomendes/github/casaflores/public/catalog/view/theme/theme631/template/module/tm_google_map.tpl on line 5
2016-05-31 0:50:03 - PHP Notice:  Undefined offset: 1 in /Users/fernandomendes/github/casaflores/public/catalog/view/theme/theme631/template/module/tm_google_map.tpl on line 14
2016-05-31 0:50:03 - PHP Notice:  Undefined variable: html in /Users/fernandomendes/github/casaflores/public/catalog/view/theme/theme631/template/module/tm_newsletter_popup.tpl on line 18
2016-05-31 0:50:03 - PHP Notice:  Undefined offset: 1 in /Users/fernandomendes/github/casaflores/public/catalog/view/theme/theme631/template/module/tm_google_map.tpl on line 5
2016-05-31 0:50:03 - PHP Notice:  Undefined offset: 1 in /Users/fernandomendes/github/casaflores/public/catalog/view/theme/theme631/template/module/tm_google_map.tpl on line 14
2016-05-31 0:50:04 - PHP Notice:  Undefined variable: html in /Users/fernandomendes/github/casaflores/public/catalog/view/theme/theme631/template/module/tm_newsletter_popup.tpl on line 18
2016-05-31 0:50:04 - PHP Notice:  Undefined offset: 1 in /Users/fernandomendes/github/casaflores/public/catalog/view/theme/theme631/template/module/tm_google_map.tpl on line 5
2016-05-31 0:50:04 - PHP Notice:  Undefined offset: 1 in /Users/fernandomendes/github/casaflores/public/catalog/view/theme/theme631/template/module/tm_google_map.tpl on line 14
2016-05-31 0:50:41 - PHP Notice:  Undefined variable: html in /Users/fernandomendes/github/casaflores/public/catalog/view/theme/theme631/template/module/tm_newsletter_popup.tpl on line 18
2016-05-31 0:50:41 - PHP Notice:  Undefined offset: 1 in /Users/fernandomendes/github/casaflores/public/catalog/view/theme/theme631/template/module/tm_google_map.tpl on line 5
2016-05-31 0:50:41 - PHP Notice:  Undefined offset: 1 in /Users/fernandomendes/github/casaflores/public/catalog/view/theme/theme631/template/module/tm_google_map.tpl on line 14
2016-05-31 0:50:42 - PHP Notice:  Undefined variable: html in /Users/fernandomendes/github/casaflores/public/catalog/view/theme/theme631/template/module/tm_newsletter_popup.tpl on line 18
2016-05-31 0:50:42 - PHP Notice:  Undefined offset: 1 in /Users/fernandomendes/github/casaflores/public/catalog/view/theme/theme631/template/module/tm_google_map.tpl on line 5
2016-05-31 0:50:42 - PHP Notice:  Undefined offset: 1 in /Users/fernandomendes/github/casaflores/public/catalog/view/theme/theme631/template/module/tm_google_map.tpl on line 14
2016-05-31 0:50:42 - PHP Notice:  Undefined variable: html in /Users/fernandomendes/github/casaflores/public/catalog/view/theme/theme631/template/module/tm_newsletter_popup.tpl on line 18
2016-05-31 0:50:42 - PHP Notice:  Undefined offset: 1 in /Users/fernandomendes/github/casaflores/public/catalog/view/theme/theme631/template/module/tm_google_map.tpl on line 5
2016-05-31 0:50:42 - PHP Notice:  Undefined offset: 1 in /Users/fernandomendes/github/casaflores/public/catalog/view/theme/theme631/template/module/tm_google_map.tpl on line 14
2016-05-31 0:50:42 - PHP Notice:  Undefined variable: html in /Users/fernandomendes/github/casaflores/public/catalog/view/theme/theme631/template/module/tm_newsletter_popup.tpl on line 18
2016-05-31 0:50:42 - PHP Notice:  Undefined offset: 1 in /Users/fernandomendes/github/casaflores/public/catalog/view/theme/theme631/template/module/tm_google_map.tpl on line 5
2016-05-31 0:50:42 - PHP Notice:  Undefined offset: 1 in /Users/fernandomendes/github/casaflores/public/catalog/view/theme/theme631/template/module/tm_google_map.tpl on line 14
2016-05-31 0:50:42 - PHP Notice:  Undefined variable: html in /Users/fernandomendes/github/casaflores/public/catalog/view/theme/theme631/template/module/tm_newsletter_popup.tpl on line 18
2016-05-31 0:50:42 - PHP Notice:  Undefined offset: 1 in /Users/fernandomendes/github/casaflores/public/catalog/view/theme/theme631/template/module/tm_google_map.tpl on line 5
2016-05-31 0:50:42 - PHP Notice:  Undefined offset: 1 in /Users/fernandomendes/github/casaflores/public/catalog/view/theme/theme631/template/module/tm_google_map.tpl on line 14
2016-05-31 0:50:43 - PHP Notice:  Undefined variable: html in /Users/fernandomendes/github/casaflores/public/catalog/view/theme/theme631/template/module/tm_newsletter_popup.tpl on line 18
2016-05-31 0:50:43 - PHP Notice:  Undefined offset: 1 in /Users/fernandomendes/github/casaflores/public/catalog/view/theme/theme631/template/module/tm_google_map.tpl on line 5
2016-05-31 0:50:43 - PHP Notice:  Undefined offset: 1 in /Users/fernandomendes/github/casaflores/public/catalog/view/theme/theme631/template/module/tm_google_map.tpl on line 14
